<?xml version="1.0" encoding="UTF-8"?>
<testsuite xmlns:xsi="http://www.w3.org/2001/XMLSchema-instance" xsi:noNamespaceSchemaLocation="https://maven.apache.org/surefire/maven-surefire-plugin/xsd/surefire-test-report-3.0.xsd" version="3.0" name="guru.sfg.beer.order.service.BeerOrderServiceApplicationTests" time="8.053" tests="1" errors="0" skipped="0" failures="0">
  <properties>
[...]
</properties>
  <testcase name="contextLoads" classname="guru.sfg.beer.order.service.BeerOrderServiceApplicationTests" time="0.495">
    <system-out><![CDATA[18:21:50.869 [main] INFO org.springframework.test.context.support.AnnotationConfigContextLoaderUtils -- Could not detect default configuration classes for test class [guru.sfg.beer.order.service.BeerOrderServiceApplicationTests]: BeerOrderServiceApplicationTests does not declare any static, non-private, non-final, nested classes annotated with @Configuration.
18:21:51.021 [main] INFO org.springframework.boot.test.context.SpringBootTestContextBootstrapper -- Found @SpringBootConfiguration guru.sfg.beer.order.service.BeerOrderServiceApplication for test class guru.sfg.beer.order.service.BeerOrderServiceApplicationTests
18:21:51.264 [main] INFO org.springframework.boot.devtools.restart.RestartApplicationListener -- Restart disabled due to context in which it is running

  .   ____          _            __ _ _
 /\\ / ___'_ __ _ _(_)_ __  __ _ \ \ \ \
( ( )\___ | '_ | '_| | '_ \/ _` | \ \ \ \
 \\/  ___)| |_)| | | | | || (_| |  ) ) ) )
  '  |____| .__|_| |_|_| |_\__, | / / / /
 =========|_|==============|___/=/_/_/_/

 :: Spring Boot ::                (v3.3.4)

2024-12-22T18:21:51.571-06:00  INFO 864 --- [           main] s.b.o.s.BeerOrderServiceApplicationTests : Starting BeerOrderServiceApplicationTests using Java 21.0.5 with PID 864 (started by User in C:\workspace\spring\mssc-beer-order-service)
2024-12-22T18:21:51.572-06:00 DEBUG 864 --- [           main] s.b.o.s.BeerOrderServiceApplicationTests : Running with Spring Boot v3.3.4, Spring v6.1.13
2024-12-22T18:21:51.573-06:00  INFO 864 --- [           main] s.b.o.s.BeerOrderServiceApplicationTests : No active profile set, falling back to 1 default profile: "default"
2024-12-22T18:21:52.782-06:00  INFO 864 --- [           main] .s.d.r.c.RepositoryConfigurationDelegate : Bootstrapping Spring Data JPA repositories in DEFAULT mode.
2024-12-22T18:21:52.875-06:00  INFO 864 --- [           main] .s.d.r.c.RepositoryConfigurationDelegate : Finished Spring Data repository scanning in 83 ms. Found 3 JPA repository interfaces.
2024-12-22T18:21:53.686-06:00  INFO 864 --- [           main] com.zaxxer.hikari.HikariDataSource       : HikariPool-1 - Starting...
2024-12-22T18:21:53.971-06:00  INFO 864 --- [           main] com.zaxxer.hikari.pool.HikariPool        : HikariPool-1 - Added connection conn0: url=jdbc:h2:mem:103936cf-0663-4e98-a0a3-9fefa6fb3d05 user=SA
2024-12-22T18:21:53.974-06:00  INFO 864 --- [           main] com.zaxxer.hikari.HikariDataSource       : HikariPool-1 - Start completed.
2024-12-22T18:21:54.055-06:00  INFO 864 --- [           main] o.hibernate.jpa.internal.util.LogHelper  : HHH000204: Processing PersistenceUnitInfo [name: default]
2024-12-22T18:21:54.135-06:00  INFO 864 --- [           main] org.hibernate.Version                    : HHH000412: Hibernate ORM core version 6.5.3.Final
2024-12-22T18:21:54.185-06:00  INFO 864 --- [           main] o.h.c.internal.RegionFactoryInitiator    : HHH000026: Second-level cache disabled
2024-12-22T18:21:54.606-06:00  INFO 864 --- [           main] o.s.o.j.p.SpringPersistenceUnitInfo      : No LoadTimeWeaver setup: ignoring JPA class transformer
2024-12-22T18:21:55.693-06:00  INFO 864 --- [           main] o.h.e.t.j.p.i.JtaPlatformInitiator       : HHH000489: No JTA platform available (set 'hibernate.transaction.jta.platform' to enable JTA platform integration)
2024-12-22T18:21:55.743-06:00  INFO 864 --- [           main] j.LocalContainerEntityManagerFactoryBean : Initialized JPA EntityManagerFactory for persistence unit 'default'
2024-12-22T18:21:56.549-06:00  WARN 864 --- [           main] JpaBaseConfiguration$JpaWebConfiguration : spring.jpa.open-in-view is enabled by default. Therefore, database queries may be performed during view rendering. Explicitly configure spring.jpa.open-in-view to disable this warning
2024-12-22T18:21:57.612-06:00  INFO 864 --- [           main] o.s.b.a.e.web.EndpointLinksResolver      : Exposing 1 endpoint beneath base path '/actuator'
2024-12-22T18:21:57.710-06:00  INFO 864 --- [           main] s.b.o.s.BeerOrderServiceApplicationTests : Started BeerOrderServiceApplicationTests in 6.461 seconds (process running for 7.885)
2024-12-22T18:21:57.958-06:00 ERROR 864 --- [   scheduling-1] g.s.b.o.s.services.TastingRoomService    : Too many or too few tasting room customers found
]]></system-out>
    <system-err><![CDATA[WARNING: A Java agent has been loaded dynamically (C:\Users\User\.m2\repository\net\bytebuddy\byte-buddy-agent\1.14.19\byte-buddy-agent-1.14.19.jar)
WARNING: If a serviceability tool is in use, please run with -XX:+EnableDynamicAgentLoading to hide this warning
WARNING: If a serviceability tool is not in use, please run with -Djdk.instrument.traceUsage for more information
WARNING: Dynamic loading of agents will be disallowed by default in a future release
]]></system-err>
  </testcase>
</testsuite>